<?xml version="1.0" encoding="UTF-8"?>
<testng-results skipped="0" failed="0" ignored="0" total="1" passed="1">
  <reporter-output>
  </reporter-output>
  <suite name="Default suite" duration-ms="3995" started-at="2020-01-07T14:49:12Z" finished-at="2020-01-07T14:49:16Z">
    <groups>
    </groups>
    <test name="Default test" duration-ms="3995" started-at="2020-01-07T14:49:12Z" finished-at="2020-01-07T14:49:16Z">
      <class name="name2.producttestpage">
        <test-method status="PASS" signature="verifypagecount()[pri:0, instance:name2.producttestpage@33bc72d1]" name="verifypagecount" duration-ms="3878" started-at="2020-01-07T14:49:12Z" finished-at="2020-01-07T14:49:16Z">
          <reporter-output>
          </reporter-output>
        </test-method> <!-- verifypagecount -->
      </class> <!-- name2.producttestpage -->
    </test> <!-- Default test -->
  </suite> <!-- Default suite -->
</testng-results>
